[2012-04-13 16:15:45] request.ERROR: Symfony\Component\HttpKernel\Exception\NotFoundHttpException: No route found for "GET /symfony/web/public/css/header.css" (uncaught exception) at C:\xampp\htdocs\Symfony\vendor\symfony\src\Symfony\Bundle\FrameworkBundle\EventListener\RouterListener.php line 83 [] []
[2012-04-13 16:15:45] request.ERROR: Symfony\Component\HttpKernel\Exception\NotFoundHttpException: No route found for "GET /symfony/web/public/js/login_page/form_validation.js" (uncaught exception) at C:\xampp\htdocs\Symfony\vendor\symfony\src\Symfony\Bundle\FrameworkBundle\EventListener\RouterListener.php line 83 [] []
[2012-04-13 16:15:52] request.ERROR: Symfony\Component\HttpKernel\Exception\NotFoundHttpException: No route found for "GET /symfony/web/index.php" (uncaught exception) at C:\xampp\htdocs\Symfony\vendor\symfony\src\Symfony\Bundle\FrameworkBundle\EventListener\RouterListener.php line 83 [] []
[2012-04-13 16:45:54] request.ERROR: Symfony\Component\HttpKernel\Exception\NotFoundHttpException: No route found for "GET /symfony/web/public/css/header.css" (uncaught exception) at C:\xampp\htdocs\Symfony\app\cache\prod\classes.php line 5065 [] []
[2012-04-13 16:45:54] request.ERROR: Symfony\Component\HttpKernel\Exception\NotFoundHttpException: No route found for "GET /symfony/web/login_page.css" (uncaught exception) at C:\xampp\htdocs\Symfony\app\cache\prod\classes.php line 5065 [] []
[2012-04-13 16:45:54] request.ERROR: Symfony\Component\HttpKernel\Exception\NotFoundHttpException: No route found for "GET /symfony/web/public/js/login_page/form_validation.js" (uncaught exception) at C:\xampp\htdocs\Symfony\app\cache\prod\classes.php line 5065 [] []
[2012-04-13 16:46:52] request.ERROR: Symfony\Component\HttpKernel\Exception\NotFoundHttpException: No route found for "GET /symfony/web/login_page.css" (uncaught exception) at C:\xampp\htdocs\Symfony\app\cache\prod\classes.php line 5065 [] []
[2012-04-13 16:46:52] request.ERROR: Symfony\Component\HttpKernel\Exception\NotFoundHttpException: No route found for "GET /symfony/web/public/css/header.css" (uncaught exception) at C:\xampp\htdocs\Symfony\app\cache\prod\classes.php line 5065 [] []
[2012-04-13 16:46:52] request.ERROR: Symfony\Component\HttpKernel\Exception\NotFoundHttpException: No route found for "GET /symfony/web/public/js/login_page/form_validation.js" (uncaught exception) at C:\xampp\htdocs\Symfony\app\cache\prod\classes.php line 5065 [] []
[2012-04-13 17:01:34] request.ERROR: Symfony\Component\HttpKernel\Exception\NotFoundHttpException: No route found for "GET /symfony/web/css/login_page.css" (uncaught exception) at C:\xampp\htdocs\Symfony\app\cache\prod\classes.php line 5065 [] []
[2012-04-13 17:01:35] request.ERROR: Symfony\Component\HttpKernel\Exception\NotFoundHttpException: No route found for "GET /symfony/web/public/css/header.css" (uncaught exception) at C:\xampp\htdocs\Symfony\app\cache\prod\classes.php line 5065 [] []
[2012-04-13 17:01:35] request.ERROR: Symfony\Component\HttpKernel\Exception\NotFoundHttpException: No route found for "GET /symfony/web/public/js/login_page/form_validation.js" (uncaught exception) at C:\xampp\htdocs\Symfony\app\cache\prod\classes.php line 5065 [] []
[2012-04-13 17:14:17] request.ERROR: Symfony\Component\HttpKernel\Exception\NotFoundHttpException: No route found for "GET /symfony/web/css/header.css" (uncaught exception) at C:\xampp\htdocs\Symfony\app\cache\prod\classes.php line 5065 [] []
[2012-04-13 17:14:17] request.ERROR: Symfony\Component\HttpKernel\Exception\NotFoundHttpException: No route found for "GET /symfony/web/public/js/login_page/form_validation.js" (uncaught exception) at C:\xampp\htdocs\Symfony\app\cache\prod\classes.php line 5065 [] []
[2012-04-13 17:14:17] request.ERROR: Symfony\Component\HttpKernel\Exception\NotFoundHttpException: No route found for "GET /symfony/web/public/css/header.css" (uncaught exception) at C:\xampp\htdocs\Symfony\app\cache\prod\classes.php line 5065 [] []
[2012-04-13 17:16:25] request.ERROR: Symfony\Component\HttpKernel\Exception\NotFoundHttpException: No route found for "GET /symfony/web/public/css/header.css" (uncaught exception) at C:\xampp\htdocs\Symfony\app\cache\prod\classes.php line 5065 [] []
[2012-04-13 17:16:25] request.ERROR: Symfony\Component\HttpKernel\Exception\NotFoundHttpException: No route found for "GET /symfony/web/public/js/login_page/form_validation.js" (uncaught exception) at C:\xampp\htdocs\Symfony\app\cache\prod\classes.php line 5065 [] []
[2012-04-13 17:16:49] request.ERROR: Symfony\Component\HttpKernel\Exception\NotFoundHttpException: No route found for "GET /symfony/web/public/js/login_page/form_validation.js" (uncaught exception) at C:\xampp\htdocs\Symfony\app\cache\prod\classes.php line 5065 [] []
[2012-04-13 17:16:49] request.ERROR: Symfony\Component\HttpKernel\Exception\NotFoundHttpException: No route found for "GET /symfony/web/public/css/header.css" (uncaught exception) at C:\xampp\htdocs\Symfony\app\cache\prod\classes.php line 5065 [] []
[2012-04-13 17:17:11] request.ERROR: Symfony\Component\HttpKernel\Exception\NotFoundHttpException: No route found for "GET /symfony/web/login_page.css" (uncaught exception) at C:\xampp\htdocs\Symfony\app\cache\prod\classes.php line 5065 [] []
[2012-04-13 17:17:11] request.ERROR: Symfony\Component\HttpKernel\Exception\NotFoundHttpException: No route found for "GET /symfony/web/public/js/login_page/form_validation.js" (uncaught exception) at C:\xampp\htdocs\Symfony\app\cache\prod\classes.php line 5065 [] []
[2012-04-13 17:17:12] request.ERROR: Symfony\Component\HttpKernel\Exception\NotFoundHttpException: No route found for "GET /symfony/web/public/css/header.css" (uncaught exception) at C:\xampp\htdocs\Symfony\app\cache\prod\classes.php line 5065 [] []
[2012-04-14 21:45:59] request.ERROR: Symfony\Component\HttpKernel\Exception\NotFoundHttpException: No route found for "GET /symfony/web/public/js/login_page/form_validation.js" (uncaught exception) at C:\xampp\htdocs\Symfony\app\cache\prod\classes.php line 5065 [] []
[2012-04-14 21:46:00] request.ERROR: Symfony\Component\HttpKernel\Exception\NotFoundHttpException: No route found for "GET /symfony/web/public/css/header.css" (uncaught exception) at C:\xampp\htdocs\Symfony\app\cache\prod\classes.php line 5065 [] []
[2012-04-14 21:46:00] request.ERROR: Symfony\Component\HttpKernel\Exception\NotFoundHttpException: No route found for "GET /symfony/web/login_page.css" (uncaught exception) at C:\xampp\htdocs\Symfony\app\cache\prod\classes.php line 5065 [] []
[2012-04-14 21:46:00] request.ERROR: Symfony\Component\HttpKernel\Exception\NotFoundHttpException: No route found for "GET /symfony/web/public/js/login_page/form_validation.js" (uncaught exception) at C:\xampp\htdocs\Symfony\app\cache\prod\classes.php line 5065 [] []
[2012-04-14 22:03:50] request.ERROR: Symfony\Component\HttpKernel\Exception\NotFoundHttpException: No route found for "GET /symfony/web/public/js/login_page/form_validation.js" (uncaught exception) at C:\xampp\htdocs\Symfony\app\cache\prod\classes.php line 5065 [] []
[2012-04-14 22:03:50] request.ERROR: Symfony\Component\HttpKernel\Exception\NotFoundHttpException: No route found for "GET /symfony/web/public/css/header.css" (uncaught exception) at C:\xampp\htdocs\Symfony\app\cache\prod\classes.php line 5065 [] []
[2012-04-14 22:03:50] request.ERROR: Symfony\Component\HttpKernel\Exception\NotFoundHttpException: No route found for "GET /symfony/web/login_page.css" (uncaught exception) at C:\xampp\htdocs\Symfony\app\cache\prod\classes.php line 5065 [] []
[2012-04-14 22:03:51] request.ERROR: Symfony\Component\HttpKernel\Exception\NotFoundHttpException: No route found for "GET /symfony/web/public/js/login_page/form_validation.js" (uncaught exception) at C:\xampp\htdocs\Symfony\app\cache\prod\classes.php line 5065 [] []
[2012-04-14 22:03:56] request.ERROR: Symfony\Component\HttpKernel\Exception\NotFoundHttpException: No route found for "GET /symfony/web/login_page.css" (uncaught exception) at C:\xampp\htdocs\Symfony\app\cache\prod\classes.php line 5065 [] []
[2012-04-14 22:03:56] request.ERROR: Symfony\Component\HttpKernel\Exception\NotFoundHttpException: No route found for "GET /symfony/web/public/js/login_page/form_validation.js" (uncaught exception) at C:\xampp\htdocs\Symfony\app\cache\prod\classes.php line 5065 [] []
[2012-04-14 22:03:56] request.ERROR: Symfony\Component\HttpKernel\Exception\NotFoundHttpException: No route found for "GET /symfony/web/public/css/header.css" (uncaught exception) at C:\xampp\htdocs\Symfony\app\cache\prod\classes.php line 5065 [] []
[2012-04-14 22:03:56] request.ERROR: Symfony\Component\HttpKernel\Exception\NotFoundHttpException: No route found for "GET /symfony/web/public/js/login_page/form_validation.js" (uncaught exception) at C:\xampp\htdocs\Symfony\app\cache\prod\classes.php line 5065 [] []
[2012-04-14 22:04:18] request.ERROR: Symfony\Component\HttpKernel\Exception\NotFoundHttpException: No route found for "GET /symfony/web/public/js/login_page/form_validation.js" (uncaught exception) at C:\xampp\htdocs\Symfony\app\cache\prod\classes.php line 5065 [] []
[2012-04-14 22:04:18] request.ERROR: Symfony\Component\HttpKernel\Exception\NotFoundHttpException: No route found for "GET /symfony/web/public/css/header.css" (uncaught exception) at C:\xampp\htdocs\Symfony\app\cache\prod\classes.php line 5065 [] []
[2012-04-14 22:04:18] request.ERROR: Symfony\Component\HttpKernel\Exception\NotFoundHttpException: No route found for "GET /symfony/web/public/js/login_page/form_validation.js" (uncaught exception) at C:\xampp\htdocs\Symfony\app\cache\prod\classes.php line 5065 [] []
[2012-04-14 22:04:48] request.ERROR: Symfony\Component\HttpKernel\Exception\NotFoundHttpException: No route found for "GET /symfony/web/public/css/header.css" (uncaught exception) at C:\xampp\htdocs\Symfony\app\cache\prod\classes.php line 5065 [] []
[2012-04-14 22:04:48] request.ERROR: Symfony\Component\HttpKernel\Exception\NotFoundHttpException: No route found for "GET /symfony/web/public/js/login_page/form_validation.js" (uncaught exception) at C:\xampp\htdocs\Symfony\app\cache\prod\classes.php line 5065 [] []
[2012-04-14 22:04:48] request.ERROR: Symfony\Component\HttpKernel\Exception\NotFoundHttpException: No route found for "GET /symfony/web/img/global/panel_repeat.bmp" (uncaught exception) at C:\xampp\htdocs\Symfony\app\cache\prod\classes.php line 5065 [] []
[2012-04-14 22:04:48] request.ERROR: Symfony\Component\HttpKernel\Exception\NotFoundHttpException: No route found for "GET /symfony/web/img/global/logo.png" (uncaught exception) at C:\xampp\htdocs\Symfony\app\cache\prod\classes.php line 5065 [] []
[2012-04-16 10:53:28] request.ERROR: Symfony\Component\HttpKernel\Exception\NotFoundHttpException: No route found for "GET /symfony/web/public/js/login_page/form_validation.js" (uncaught exception) at C:\xampp\htdocs\Symfony\app\cache\prod\classes.php line 5065 [] []
[2012-04-16 10:53:28] request.ERROR: Symfony\Component\HttpKernel\Exception\NotFoundHttpException: No route found for "GET /symfony/web/public/css/header.css" (uncaught exception) at C:\xampp\htdocs\Symfony\app\cache\prod\classes.php line 5065 [] []
[2012-04-16 10:53:29] request.ERROR: Symfony\Component\HttpKernel\Exception\NotFoundHttpException: No route found for "GET /symfony/web/img/global/panel_repeat.bmp" (uncaught exception) at C:\xampp\htdocs\Symfony\app\cache\prod\classes.php line 5065 [] []
[2012-04-16 10:53:29] request.ERROR: Symfony\Component\HttpKernel\Exception\NotFoundHttpException: No route found for "GET /symfony/web/img/global/logo.png" (uncaught exception) at C:\xampp\htdocs\Symfony\app\cache\prod\classes.php line 5065 [] []
[2012-04-16 10:53:31] request.ERROR: Symfony\Component\HttpKernel\Exception\NotFoundHttpException: No route found for "GET /symfony/web/public/js/login_page/form_validation.js" (uncaught exception) at C:\xampp\htdocs\Symfony\app\cache\prod\classes.php line 5065 [] []
[2012-04-16 10:53:31] request.ERROR: Symfony\Component\HttpKernel\Exception\NotFoundHttpException: No route found for "GET /symfony/web/public/css/header.css" (uncaught exception) at C:\xampp\htdocs\Symfony\app\cache\prod\classes.php line 5065 [] []
[2012-04-16 10:53:32] request.ERROR: Symfony\Component\HttpKernel\Exception\NotFoundHttpException: No route found for "GET /symfony/web/img/global/panel_repeat.bmp" (uncaught exception) at C:\xampp\htdocs\Symfony\app\cache\prod\classes.php line 5065 [] []
[2012-04-16 10:53:32] request.ERROR: Symfony\Component\HttpKernel\Exception\NotFoundHttpException: No route found for "GET /symfony/web/img/global/logo.png" (uncaught exception) at C:\xampp\htdocs\Symfony\app\cache\prod\classes.php line 5065 [] []
[2012-04-16 10:53:47] request.ERROR: Symfony\Component\HttpKernel\Exception\NotFoundHttpException: No route found for "GET /symfony/web/public/js/login_page/form_validation.js" (uncaught exception) at C:\xampp\htdocs\Symfony\app\cache\prod\classes.php line 5065 [] []
[2012-04-16 10:53:48] request.ERROR: Symfony\Component\HttpKernel\Exception\NotFoundHttpException: No route found for "GET /symfony/web/public/css/header.css" (uncaught exception) at C:\xampp\htdocs\Symfony\app\cache\prod\classes.php line 5065 [] []
[2012-04-16 10:53:48] request.ERROR: Symfony\Component\HttpKernel\Exception\NotFoundHttpException: No route found for "GET /symfony/web/img/global/panel_repeat.bmp" (uncaught exception) at C:\xampp\htdocs\Symfony\app\cache\prod\classes.php line 5065 [] []
[2012-04-16 10:53:48] request.ERROR: Symfony\Component\HttpKernel\Exception\NotFoundHttpException: No route found for "GET /symfony/web/img/global/logo.png" (uncaught exception) at C:\xampp\htdocs\Symfony\app\cache\prod\classes.php line 5065 [] []
[2012-04-16 13:17:37] request.ERROR: Symfony\Component\HttpKernel\Exception\NotFoundHttpException: No route found for "GET /symfony/web/public/css/header.css" (uncaught exception) at C:\xampp\htdocs\Symfony\app\cache\prod\classes.php line 5065 [] []
[2012-04-16 13:17:37] request.ERROR: Symfony\Component\HttpKernel\Exception\NotFoundHttpException: No route found for "GET /symfony/web/public/js/login_page/form_validation.js" (uncaught exception) at C:\xampp\htdocs\Symfony\app\cache\prod\classes.php line 5065 [] []
[2012-04-16 13:17:38] request.ERROR: Symfony\Component\HttpKernel\Exception\NotFoundHttpException: No route found for "GET /symfony/web/img/global/panel_repeat.bmp" (uncaught exception) at C:\xampp\htdocs\Symfony\app\cache\prod\classes.php line 5065 [] []
[2012-04-16 13:17:38] request.ERROR: Symfony\Component\HttpKernel\Exception\NotFoundHttpException: No route found for "GET /symfony/web/img/global/logo.png" (uncaught exception) at C:\xampp\htdocs\Symfony\app\cache\prod\classes.php line 5065 [] []
[2012-04-16 13:38:23] request.ERROR: Symfony\Component\HttpKernel\Exception\NotFoundHttpException: No route found for "GET /symfony/web/public/js/login_page/form_validation.js" (uncaught exception) at C:\xampp\htdocs\Symfony\app\cache\prod\classes.php line 5065 [] []
[2012-04-16 13:38:24] request.ERROR: Symfony\Component\HttpKernel\Exception\NotFoundHttpException: No route found for "GET /symfony/web/public/css/header.css" (uncaught exception) at C:\xampp\htdocs\Symfony\app\cache\prod\classes.php line 5065 [] []
[2012-04-16 13:38:24] request.ERROR: Symfony\Component\HttpKernel\Exception\NotFoundHttpException: No route found for "GET /symfony/web/img/global/panel_repeat.bmp" (uncaught exception) at C:\xampp\htdocs\Symfony\app\cache\prod\classes.php line 5065 [] []
[2012-04-16 13:38:24] request.ERROR: Symfony\Component\HttpKernel\Exception\NotFoundHttpException: No route found for "GET /symfony/web/img/global/logo.png" (uncaught exception) at C:\xampp\htdocs\Symfony\app\cache\prod\classes.php line 5065 [] []
[2012-04-16 14:05:09] request.ERROR: Symfony\Component\HttpKernel\Exception\NotFoundHttpException: No route found for "GET /symfony/web/public/js/login_page/form_validation.js" (uncaught exception) at C:\xampp\htdocs\Symfony\app\cache\prod\classes.php line 5065 [] []
[2012-04-16 14:05:10] request.ERROR: Symfony\Component\HttpKernel\Exception\NotFoundHttpException: No route found for "GET /symfony/web/public/css/header.css" (uncaught exception) at C:\xampp\htdocs\Symfony\app\cache\prod\classes.php line 5065 [] []
[2012-04-16 14:05:10] request.ERROR: Symfony\Component\HttpKernel\Exception\NotFoundHttpException: No route found for "GET /symfony/web/img/global/panel_repeat.bmp" (uncaught exception) at C:\xampp\htdocs\Symfony\app\cache\prod\classes.php line 5065 [] []
[2012-04-16 14:05:11] request.ERROR: Symfony\Component\HttpKernel\Exception\NotFoundHttpException: No route found for "GET /symfony/web/img/global/logo.png" (uncaught exception) at C:\xampp\htdocs\Symfony\app\cache\prod\classes.php line 5065 [] []
[2012-04-16 14:05:23] request.ERROR: Symfony\Component\HttpKernel\Exception\NotFoundHttpException: No route found for "GET /symfony/web/public/js/login_page/form_validation.js" (uncaught exception) at C:\xampp\htdocs\Symfony\app\cache\prod\classes.php line 5065 [] []
[2012-04-16 14:05:23] request.ERROR: Symfony\Component\HttpKernel\Exception\NotFoundHttpException: No route found for "GET /symfony/web/public/css/header.css" (uncaught exception) at C:\xampp\htdocs\Symfony\app\cache\prod\classes.php line 5065 [] []
[2012-04-16 14:05:23] request.ERROR: Symfony\Component\HttpKernel\Exception\NotFoundHttpException: No route found for "GET /symfony/web/img/global/panel_repeat.bmp" (uncaught exception) at C:\xampp\htdocs\Symfony\app\cache\prod\classes.php line 5065 [] []
[2012-04-16 14:05:23] request.ERROR: Symfony\Component\HttpKernel\Exception\NotFoundHttpException: No route found for "GET /symfony/web/img/global/logo.png" (uncaught exception) at C:\xampp\htdocs\Symfony\app\cache\prod\classes.php line 5065 [] []
[2012-04-16 14:05:28] request.ERROR: Symfony\Component\HttpKernel\Exception\NotFoundHttpException: No route found for "GET /symfony/web/public/js/login_page/form_validation.js" (uncaught exception) at C:\xampp\htdocs\Symfony\app\cache\prod\classes.php line 5065 [] []
[2012-04-16 14:05:28] request.ERROR: Symfony\Component\HttpKernel\Exception\NotFoundHttpException: No route found for "GET /symfony/web/public/css/header.css" (uncaught exception) at C:\xampp\htdocs\Symfony\app\cache\prod\classes.php line 5065 [] []
[2012-04-16 14:05:29] request.ERROR: Symfony\Component\HttpKernel\Exception\NotFoundHttpException: No route found for "GET /symfony/web/img/global/panel_repeat.bmp" (uncaught exception) at C:\xampp\htdocs\Symfony\app\cache\prod\classes.php line 5065 [] []
[2012-04-16 14:05:29] request.ERROR: Symfony\Component\HttpKernel\Exception\NotFoundHttpException: No route found for "GET /symfony/web/img/global/logo.png" (uncaught exception) at C:\xampp\htdocs\Symfony\app\cache\prod\classes.php line 5065 [] []
[2012-04-16 14:09:14] request.ERROR: Symfony\Component\HttpKernel\Exception\NotFoundHttpException: No route found for "GET /symfony/web/public/css/header.css" (uncaught exception) at C:\xampp\htdocs\Symfony\app\cache\prod\classes.php line 5065 [] []
[2012-04-16 14:09:14] request.ERROR: Symfony\Component\HttpKernel\Exception\NotFoundHttpException: No route found for "GET /symfony/web/public/js/login_page/form_validation.js" (uncaught exception) at C:\xampp\htdocs\Symfony\app\cache\prod\classes.php line 5065 [] []
[2012-04-16 14:09:14] request.ERROR: Symfony\Component\HttpKernel\Exception\NotFoundHttpException: No route found for "GET /symfony/web/img/global/panel_repeat.bmp" (uncaught exception) at C:\xampp\htdocs\Symfony\app\cache\prod\classes.php line 5065 [] []
[2012-04-16 14:09:14] request.ERROR: Symfony\Component\HttpKernel\Exception\NotFoundHttpException: No route found for "GET /symfony/web/img/global/logo.png" (uncaught exception) at C:\xampp\htdocs\Symfony\app\cache\prod\classes.php line 5065 [] []
[2012-04-16 14:12:11] request.ERROR: Symfony\Component\HttpKernel\Exception\NotFoundHttpException: No route found for "GET /symfony/web/appphp" (uncaught exception) at C:\xampp\htdocs\Symfony\app\cache\prod\classes.php line 5065 [] []
[2012-04-16 14:12:15] request.ERROR: Symfony\Component\HttpKernel\Exception\NotFoundHttpException: No route found for "GET /symfony/web/public/css/header.css" (uncaught exception) at C:\xampp\htdocs\Symfony\app\cache\prod\classes.php line 5065 [] []
[2012-04-16 14:12:15] request.ERROR: Symfony\Component\HttpKernel\Exception\NotFoundHttpException: No route found for "GET /symfony/web/public/js/login_page/form_validation.js" (uncaught exception) at C:\xampp\htdocs\Symfony\app\cache\prod\classes.php line 5065 [] []
[2012-04-16 14:12:15] request.ERROR: Symfony\Component\HttpKernel\Exception\NotFoundHttpException: No route found for "GET /symfony/web/img/global/panel_repeat.bmp" (uncaught exception) at C:\xampp\htdocs\Symfony\app\cache\prod\classes.php line 5065 [] []
[2012-04-16 14:12:16] request.ERROR: Symfony\Component\HttpKernel\Exception\NotFoundHttpException: No route found for "GET /symfony/web/img/global/logo.png" (uncaught exception) at C:\xampp\htdocs\Symfony\app\cache\prod\classes.php line 5065 [] []
[2012-04-16 14:22:36] request.ERROR: Symfony\Component\HttpKernel\Exception\NotFoundHttpException: No route found for "GET /symfony/web/public/js/login_page/form_validation.js" (uncaught exception) at C:\xampp\htdocs\Symfony\app\cache\prod\classes.php line 5065 [] []
[2012-04-16 14:22:37] request.ERROR: Symfony\Component\HttpKernel\Exception\NotFoundHttpException: No route found for "GET /symfony/web/public/css/header.css" (uncaught exception) at C:\xampp\htdocs\Symfony\app\cache\prod\classes.php line 5065 [] []
[2012-04-16 14:22:37] request.ERROR: Symfony\Component\HttpKernel\Exception\NotFoundHttpException: No route found for "GET /symfony/web/img/global/panel_repeat.bmp" (uncaught exception) at C:\xampp\htdocs\Symfony\app\cache\prod\classes.php line 5065 [] []
[2012-04-16 14:22:37] request.ERROR: Symfony\Component\HttpKernel\Exception\NotFoundHttpException: No route found for "GET /symfony/web/img/global/logo.png" (uncaught exception) at C:\xampp\htdocs\Symfony\app\cache\prod\classes.php line 5065 [] []
[2012-04-16 15:14:55] request.ERROR: Symfony\Component\HttpKernel\Exception\NotFoundHttpException: No route found for "GET /symfony/web/public/js/login_page/form_validation.js" (uncaught exception) at C:\xampp\htdocs\Symfony\app\cache\prod\classes.php line 5065 [] []
[2012-04-16 15:14:56] request.ERROR: Symfony\Component\HttpKernel\Exception\NotFoundHttpException: No route found for "GET /symfony/web/public/css/header.css" (uncaught exception) at C:\xampp\htdocs\Symfony\app\cache\prod\classes.php line 5065 [] []
[2012-04-16 15:14:56] request.ERROR: Symfony\Component\HttpKernel\Exception\NotFoundHttpException: No route found for "GET /symfony/web/img/global/panel_repeat.bmp" (uncaught exception) at C:\xampp\htdocs\Symfony\app\cache\prod\classes.php line 5065 [] []
[2012-04-16 15:14:59] request.ERROR: Symfony\Component\HttpKernel\Exception\NotFoundHttpException: No route found for "GET /symfony/web/css/image/logo.png" (uncaught exception) at C:\xampp\htdocs\Symfony\app\cache\prod\classes.php line 5065 [] []
[2012-04-16 15:15:09] request.ERROR: Symfony\Component\HttpKernel\Exception\NotFoundHttpException: No route found for "GET /symfony/web/public/css/header.css" (uncaught exception) at C:\xampp\htdocs\Symfony\app\cache\prod\classes.php line 5065 [] []
[2012-04-16 15:15:10] request.ERROR: Symfony\Component\HttpKernel\Exception\NotFoundHttpException: No route found for "GET /symfony/web/public/js/login_page/form_validation.js" (uncaught exception) at C:\xampp\htdocs\Symfony\app\cache\prod\classes.php line 5065 [] []
[2012-04-16 15:15:10] request.ERROR: Symfony\Component\HttpKernel\Exception\NotFoundHttpException: No route found for "GET /symfony/web/img/global/panel_repeat.bmp" (uncaught exception) at C:\xampp\htdocs\Symfony\app\cache\prod\classes.php line 5065 [] []
[2012-04-16 15:15:10] request.ERROR: Symfony\Component\HttpKernel\Exception\NotFoundHttpException: No route found for "GET /symfony/web/css/image/logo.png" (uncaught exception) at C:\xampp\htdocs\Symfony\app\cache\prod\classes.php line 5065 [] []
[2012-04-16 15:15:23] request.ERROR: Symfony\Component\HttpKernel\Exception\NotFoundHttpException: No route found for "GET /symfony/web/public/css/header.css" (uncaught exception) at C:\xampp\htdocs\Symfony\app\cache\prod\classes.php line 5065 [] []
[2012-04-16 15:15:24] request.ERROR: Symfony\Component\HttpKernel\Exception\NotFoundHttpException: No route found for "GET /symfony/web/public/js/login_page/form_validation.js" (uncaught exception) at C:\xampp\htdocs\Symfony\app\cache\prod\classes.php line 5065 [] []
[2012-04-16 15:15:24] request.ERROR: Symfony\Component\HttpKernel\Exception\NotFoundHttpException: No route found for "GET /symfony/web/img/global/panel_repeat.bmp" (uncaught exception) at C:\xampp\htdocs\Symfony\app\cache\prod\classes.php line 5065 [] []
[2012-04-16 15:15:24] request.ERROR: Symfony\Component\HttpKernel\Exception\NotFoundHttpException: No route found for "GET /symfony/web/css/image/logo.png" (uncaught exception) at C:\xampp\htdocs\Symfony\app\cache\prod\classes.php line 5065 [] []
[2012-04-16 15:16:32] request.ERROR: Symfony\Component\HttpKernel\Exception\NotFoundHttpException: No route found for "GET /symfony/web/public/js/login_page/form_validation.js" (uncaught exception) at C:\xampp\htdocs\Symfony\app\cache\prod\classes.php line 5065 [] []
[2012-04-16 15:16:32] request.ERROR: Symfony\Component\HttpKernel\Exception\NotFoundHttpException: No route found for "GET /symfony/web/public/css/header.css" (uncaught exception) at C:\xampp\htdocs\Symfony\app\cache\prod\classes.php line 5065 [] []
[2012-04-16 15:16:33] request.ERROR: Symfony\Component\HttpKernel\Exception\NotFoundHttpException: No route found for "GET /symfony/web/css/logo.png" (uncaught exception) at C:\xampp\htdocs\Symfony\app\cache\prod\classes.php line 5065 [] []
[2012-04-16 15:16:33] request.ERROR: Symfony\Component\HttpKernel\Exception\NotFoundHttpException: No route found for "GET /symfony/web/img/global/panel_repeat.bmp" (uncaught exception) at C:\xampp\htdocs\Symfony\app\cache\prod\classes.php line 5065 [] []
[2012-04-16 15:16:48] request.ERROR: Symfony\Component\HttpKernel\Exception\NotFoundHttpException: No route found for "GET /symfony/web/public/js/login_page/form_validation.js" (uncaught exception) at C:\xampp\htdocs\Symfony\app\cache\prod\classes.php line 5065 [] []
[2012-04-16 15:16:48] request.ERROR: Symfony\Component\HttpKernel\Exception\NotFoundHttpException: No route found for "GET /symfony/web/public/css/header.css" (uncaught exception) at C:\xampp\htdocs\Symfony\app\cache\prod\classes.php line 5065 [] []
[2012-04-16 15:16:48] request.ERROR: Symfony\Component\HttpKernel\Exception\NotFoundHttpException: No route found for "GET /symfony/web/img/global/panel_repeat.bmp" (uncaught exception) at C:\xampp\htdocs\Symfony\app\cache\prod\classes.php line 5065 [] []
[2012-04-16 15:17:34] request.ERROR: Symfony\Component\HttpKernel\Exception\NotFoundHttpException: No route found for "GET /symfony/web/public/css/header.css" (uncaught exception) at C:\xampp\htdocs\Symfony\app\cache\prod\classes.php line 5065 [] []
[2012-04-16 15:17:34] request.ERROR: Symfony\Component\HttpKernel\Exception\NotFoundHttpException: No route found for "GET /symfony/web/public/js/login_page/form_validation.js" (uncaught exception) at C:\xampp\htdocs\Symfony\app\cache\prod\classes.php line 5065 [] []
[2012-04-16 15:17:34] request.ERROR: Symfony\Component\HttpKernel\Exception\NotFoundHttpException: No route found for "GET /symfony/web/img/global/panel_repeat.bmp" (uncaught exception) at C:\xampp\htdocs\Symfony\app\cache\prod\classes.php line 5065 [] []
[2012-04-16 15:17:34] request.ERROR: Symfony\Component\HttpKernel\Exception\NotFoundHttpException: No route found for "GET /symfony/web/css/..imagelogo.png" (uncaught exception) at C:\xampp\htdocs\Symfony\app\cache\prod\classes.php line 5065 [] []
[2012-04-16 15:18:09] request.ERROR: Symfony\Component\HttpKernel\Exception\NotFoundHttpException: No route found for "GET /symfony/web/public/css/header.css" (uncaught exception) at C:\xampp\htdocs\Symfony\app\cache\prod\classes.php line 5065 [] []
[2012-04-16 15:18:09] request.ERROR: Symfony\Component\HttpKernel\Exception\NotFoundHttpException: No route found for "GET /symfony/web/public/js/login_page/form_validation.js" (uncaught exception) at C:\xampp\htdocs\Symfony\app\cache\prod\classes.php line 5065 [] []
[2012-04-16 15:18:09] request.ERROR: Symfony\Component\HttpKernel\Exception\NotFoundHttpException: No route found for "GET /symfony/web/img/global/panel_repeat.bmp" (uncaught exception) at C:\xampp\htdocs\Symfony\app\cache\prod\classes.php line 5065 [] []
[2012-04-16 15:18:10] request.ERROR: Symfony\Component\HttpKernel\Exception\NotFoundHttpException: No route found for "GET /symfony/web/css/..logo.png" (uncaught exception) at C:\xampp\htdocs\Symfony\app\cache\prod\classes.php line 5065 [] []
[2012-04-16 15:18:19] request.ERROR: Symfony\Component\HttpKernel\Exception\NotFoundHttpException: No route found for "GET /symfony/web/public/css/header.css" (uncaught exception) at C:\xampp\htdocs\Symfony\app\cache\prod\classes.php line 5065 [] []
[2012-04-16 15:18:19] request.ERROR: Symfony\Component\HttpKernel\Exception\NotFoundHttpException: No route found for "GET /symfony/web/public/js/login_page/form_validation.js" (uncaught exception) at C:\xampp\htdocs\Symfony\app\cache\prod\classes.php line 5065 [] []
[2012-04-16 15:18:19] request.ERROR: Symfony\Component\HttpKernel\Exception\NotFoundHttpException: No route found for "GET /symfony/web/img/global/panel_repeat.bmp" (uncaught exception) at C:\xampp\htdocs\Symfony\app\cache\prod\classes.php line 5065 [] []
[2012-04-16 15:18:25] request.ERROR: Symfony\Component\HttpKernel\Exception\NotFoundHttpException: No route found for "GET /symfony/web/public/css/header.css" (uncaught exception) at C:\xampp\htdocs\Symfony\app\cache\prod\classes.php line 5065 [] []
[2012-04-16 15:18:26] request.ERROR: Symfony\Component\HttpKernel\Exception\NotFoundHttpException: No route found for "GET /symfony/web/public/js/login_page/form_validation.js" (uncaught exception) at C:\xampp\htdocs\Symfony\app\cache\prod\classes.php line 5065 [] []
[2012-04-16 15:18:26] request.ERROR: Symfony\Component\HttpKernel\Exception\NotFoundHttpException: No route found for "GET /symfony/web/img/global/panel_repeat.bmp" (uncaught exception) at C:\xampp\htdocs\Symfony\app\cache\prod\classes.php line 5065 [] []
[2012-04-16 15:18:42] request.ERROR: Symfony\Component\HttpKernel\Exception\NotFoundHttpException: No route found for "GET /symfony/web/public/js/login_page/form_validation.js" (uncaught exception) at C:\xampp\htdocs\Symfony\app\cache\prod\classes.php line 5065 [] []
[2012-04-16 15:18:42] request.ERROR: Symfony\Component\HttpKernel\Exception\NotFoundHttpException: No route found for "GET /symfony/web/public/css/header.css" (uncaught exception) at C:\xampp\htdocs\Symfony\app\cache\prod\classes.php line 5065 [] []
[2012-04-16 15:18:42] request.ERROR: Symfony\Component\HttpKernel\Exception\NotFoundHttpException: No route found for "GET /symfony/web/img/global/panel_repeat.bmp" (uncaught exception) at C:\xampp\htdocs\Symfony\app\cache\prod\classes.php line 5065 [] []
[2012-04-16 15:25:10] request.ERROR: Symfony\Component\HttpKernel\Exception\NotFoundHttpException: No route found for "GET /symfony/web/public/css/header.css" (uncaught exception) at C:\xampp\htdocs\Symfony\app\cache\prod\classes.php line 5065 [] []
[2012-04-16 15:25:10] request.ERROR: Symfony\Component\HttpKernel\Exception\NotFoundHttpException: No route found for "GET /symfony/web/public/js/login_page/form_validation.js" (uncaught exception) at C:\xampp\htdocs\Symfony\app\cache\prod\classes.php line 5065 [] []
[2012-04-16 15:25:10] request.ERROR: Symfony\Component\HttpKernel\Exception\NotFoundHttpException: No route found for "GET /symfony/web/bundles/FacebukiLoginPage/img/global/panel_repeat.bmp" (uncaught exception) at C:\xampp\htdocs\Symfony\app\cache\prod\classes.php line 5065 [] []
[2012-04-16 15:27:01] request.ERROR: Symfony\Component\HttpKernel\Exception\NotFoundHttpException: No route found for "GET /symfony/web/public/css/header.css" (uncaught exception) at C:\xampp\htdocs\Symfony\app\cache\prod\classes.php line 5065 [] []
[2012-04-16 15:27:01] request.ERROR: Symfony\Component\HttpKernel\Exception\NotFoundHttpException: No route found for "GET /symfony/web/public/js/login_page/form_validation.js" (uncaught exception) at C:\xampp\htdocs\Symfony\app\cache\prod\classes.php line 5065 [] []
[2012-04-16 15:33:12] request.ERROR: Symfony\Component\HttpKernel\Exception\NotFoundHttpException: No route found for "GET /symfony/web/index.php" (uncaught exception) at C:\xampp\htdocs\Symfony\app\cache\prod\classes.php line 5065 [] []
[2012-04-16 15:34:40] request.ERROR: Symfony\Component\HttpKernel\Exception\NotFoundHttpException: No route found for "GET /symfony/web/index.php" (uncaught exception) at C:\xampp\htdocs\Symfony\app\cache\prod\classes.php line 5065 [] []
[2012-04-16 15:35:15] request.ERROR: Symfony\Component\HttpKernel\Exception\NotFoundHttpException: No route found for "GET /symfony/web/public/css/header.css" (uncaught exception) at C:\xampp\htdocs\Symfony\app\cache\prod\classes.php line 5065 [] []
[2012-04-16 15:35:15] request.ERROR: Symfony\Component\HttpKernel\Exception\NotFoundHttpException: No route found for "GET /symfony/web/public/js/login_page/form_validation.js" (uncaught exception) at C:\xampp\htdocs\Symfony\app\cache\prod\classes.php line 5065 [] []
[2012-04-16 15:47:54] request.ERROR: Symfony\Component\HttpKernel\Exception\NotFoundHttpException: No route found for "GET /symfony/web/public/css/header.css" (uncaught exception) at C:\xampp\htdocs\Symfony\app\cache\prod\classes.php line 5065 [] []
[2012-04-16 15:47:54] request.ERROR: Symfony\Component\HttpKernel\Exception\NotFoundHttpException: No route found for "GET /symfony/web/public/js/login_page/form_validation.js" (uncaught exception) at C:\xampp\htdocs\Symfony\app\cache\prod\classes.php line 5065 [] []
[2012-04-16 15:58:50] request.ERROR: Symfony\Component\HttpKernel\Exception\NotFoundHttpException: No route found for "GET /symfony/web/public/js/login_page/form_validation.js" (uncaught exception) at C:\xampp\htdocs\Symfony\app\cache\prod\classes.php line 5065 [] []
[2012-04-16 15:58:50] request.ERROR: Symfony\Component\HttpKernel\Exception\NotFoundHttpException: No route found for "GET /symfony/web/public/css/header.css" (uncaught exception) at C:\xampp\htdocs\Symfony\app\cache\prod\classes.php line 5065 [] []
[2012-04-16 16:11:18] request.ERROR: Symfony\Component\HttpKernel\Exception\NotFoundHttpException: No route found for "GET /symfony/web/public/css/header.css" (uncaught exception) at C:\xampp\htdocs\Symfony\app\cache\prod\classes.php line 5065 [] []
[2012-04-16 16:11:18] request.ERROR: Symfony\Component\HttpKernel\Exception\NotFoundHttpException: No route found for "GET /symfony/web/public/js/login_page/form_validation.js" (uncaught exception) at C:\xampp\htdocs\Symfony\app\cache\prod\classes.php line 5065 [] []
[2012-04-16 16:17:06] request.ERROR: Symfony\Component\HttpKernel\Exception\NotFoundHttpException: No route found for "GET /symfony/web/public/css/header.css" (uncaught exception) at C:\xampp\htdocs\Symfony\app\cache\prod\classes.php line 5065 [] []
[2012-04-16 16:17:06] request.ERROR: Symfony\Component\HttpKernel\Exception\NotFoundHttpException: No route found for "GET /symfony/web/public/js/login_page/form_validation.js" (uncaught exception) at C:\xampp\htdocs\Symfony\app\cache\prod\classes.php line 5065 [] []
[2012-04-16 16:24:14] request.ERROR: Symfony\Component\HttpKernel\Exception\NotFoundHttpException: No route found for "GET /symfony/web/bundles/FacebukiLoginPage/img/login_page/forgotten_password/test.png" (uncaught exception) at C:\xampp\htdocs\Symfony\app\cache\prod\classes.php line 5065 [] []
[2012-04-16 16:24:15] request.ERROR: Symfony\Component\HttpKernel\Exception\NotFoundHttpException: No route found for "GET /symfony/web/bundles/FacebukiLoginPage/img/login_page/forgotten_password/proggress_completed1.png" (uncaught exception) at C:\xampp\htdocs\Symfony\app\cache\prod\classes.php line 5065 [] []
[2012-04-16 16:24:15] request.ERROR: Symfony\Component\HttpKernel\Exception\NotFoundHttpException: No route found for "GET /symfony/web/bundles/FacebukiLoginPage/img/login_page/forgotten_password/proggress2.png" (uncaught exception) at C:\xampp\htdocs\Symfony\app\cache\prod\classes.php line 5065 [] []
[2012-04-16 16:24:15] request.ERROR: Symfony\Component\HttpKernel\Exception\NotFoundHttpException: No route found for "GET /symfony/web/bundles/FacebukiLoginPage/img/login_page/forgotten_password/proggress3.png" (uncaught exception) at C:\xampp\htdocs\Symfony\app\cache\prod\classes.php line 5065 [] []
[2012-04-16 16:27:48] request.ERROR: Symfony\Component\HttpKernel\Exception\NotFoundHttpException: No route found for "GET /symfony/web/public/js/login_page/form_validation.js" (uncaught exception) at C:\xampp\htdocs\Symfony\app\cache\prod\classes.php line 5065 [] []
[2012-04-16 16:27:48] request.ERROR: Symfony\Component\HttpKernel\Exception\NotFoundHttpException: No route found for "GET /symfony/web/public/css/header.css" (uncaught exception) at C:\xampp\htdocs\Symfony\app\cache\prod\classes.php line 5065 [] []
[2012-04-16 16:27:48] request.ERROR: Symfony\Component\HttpKernel\Exception\NotFoundHttpException: No route found for "GET /symfony/web/public/js/login_page/form_validation.js" (uncaught exception) at C:\xampp\htdocs\Symfony\app\cache\prod\classes.php line 5065 [] []
[2012-04-16 16:31:16] request.ERROR: Symfony\Component\HttpKernel\Exception\NotFoundHttpException: No route found for "GET /symfony/web/public/js/login_page/form_validation.js" (uncaught exception) at C:\xampp\htdocs\Symfony\app\cache\prod\classes.php line 5065 [] []
[2012-04-16 16:31:16] request.ERROR: Symfony\Component\HttpKernel\Exception\NotFoundHttpException: No route found for "GET /symfony/web/public/css/header.css" (uncaught exception) at C:\xampp\htdocs\Symfony\app\cache\prod\classes.php line 5065 [] []
[2012-04-16 16:32:01] request.ERROR: Symfony\Component\HttpKernel\Exception\NotFoundHttpException: No route found for "GET /symfony/web/public/css/header.css" (uncaught exception) at C:\xampp\htdocs\Symfony\app\cache\prod\classes.php line 5065 [] []
[2012-04-16 16:32:01] request.ERROR: Symfony\Component\HttpKernel\Exception\NotFoundHttpException: No route found for "GET /symfony/web/public/js/login_page/form_validation.js" (uncaught exception) at C:\xampp\htdocs\Symfony\app\cache\prod\classes.php line 5065 [] []
[2012-04-16 16:32:24] request.ERROR: Symfony\Component\HttpKernel\Exception\NotFoundHttpException: No route found for "GET /symfony/web/app_.php/Recovery" (uncaught exception) at C:\xampp\htdocs\Symfony\app\cache\prod\classes.php line 5065 [] []
[2012-04-16 16:32:29] request.ERROR: Symfony\Component\HttpKernel\Exception\NotFoundHttpException: No route found for "GET /Recovery" (uncaught exception) at C:\xampp\htdocs\Symfony\app\cache\prod\classes.php line 5065 [] []
[2012-04-16 16:32:34] request.ERROR: Symfony\Component\HttpKernel\Exception\NotFoundHttpException: No route found for "GET /Recovery" (uncaught exception) at C:\xampp\htdocs\Symfony\app\cache\prod\classes.php line 5065 [] []
[2012-04-16 16:42:09] request.ERROR: Symfony\Component\HttpKernel\Exception\NotFoundHttpException: No route found for "GET /symfony/web/app_.php" (uncaught exception) at C:\xampp\htdocs\Symfony\app\cache\prod\classes.php line 5065 [] []
